Determining if the pthread_create exist failed with the following output:
Change Dir: /home/deddy/QGCInterface/build/libmavconn/CMakeFiles/CMakeTmp

Run Build Command:"/usr/bin/make" "cmTryCompileExec2715473022/fast"
/usr/bin/make -f CMakeFiles/cmTryCompileExec2715473022.dir/build.make CMakeFiles/cmTryCompileExec2715473022.dir/build
make[1]: Entering directory `/home/deddy/QGCInterface/build/libmavconn/CMakeFiles/CMakeTmp'
/usr/bin/cmake -E cmake_progress_report /home/deddy/QGCInterface/build/libmavconn/CMakeFiles/CMakeTmp/CMakeFiles 1
Building C object CMakeFiles/cmTryCompileExec2715473022.dir/CheckSymbolExists.c.o
/usr/bin/cc    -o CMakeFiles/cmTryCompileExec2715473022.dir/CheckSymbolExists.c.o   -c /home/deddy/QGCInterface/build/libmavconn/CMakeFiles/CMakeTmp/CheckSymbolExists.c
Linking C executable cmTryCompileExec2715473022
/usr/bin/cmake -E cmake_link_script CMakeFiles/cmTryCompileExec2715473022.dir/link.txt --verbose=1
/usr/bin/cc       CMakeFiles/cmTryCompileExec2715473022.dir/CheckSymbolExists.c.o  -o cmTryCompileExec2715473022 -rdynamic 
CMakeFiles/cmTryCompileExec2715473022.dir/CheckSymbolExists.c.o: In function `main':
CheckSymbolExists.c:(.text+0x16): undefined reference to `pthread_create'
collect2: error: ld returned 1 exit status
make[1]: *** [cmTryCompileExec2715473022] Error 1
make[1]: Leaving directory `/home/deddy/QGCInterface/build/libmavconn/CMakeFiles/CMakeTmp'
make: *** [cmTryCompileExec2715473022/fast] Error 2

File /home/deddy/QGCInterface/build/libmavconn/CMakeFiles/CMakeTmp/CheckSymbolExists.c:
/* */
#include <pthread.h>

int main(int argc, char** argv)
{
  (void)argv;
#ifndef pthread_create
  return ((int*)(&pthread_create))[argc];
#else
  (void)argc;
  return 0;
#endif
}

Determining if the function pthread_create exists in the pthreads failed with the following output:
Change Dir: /home/deddy/QGCInterface/build/libmavconn/CMakeFiles/CMakeTmp

Run Build Command:"/usr/bin/make" "cmTryCompileExec665562738/fast"
/usr/bin/make -f CMakeFiles/cmTryCompileExec665562738.dir/build.make CMakeFiles/cmTryCompileExec665562738.dir/build
make[1]: Entering directory `/home/deddy/QGCInterface/build/libmavconn/CMakeFiles/CMakeTmp'
/usr/bin/cmake -E cmake_progress_report /home/deddy/QGCInterface/build/libmavconn/CMakeFiles/CMakeTmp/CMakeFiles 1
Building C object CMakeFiles/cmTryCompileExec665562738.dir/CheckFunctionExists.c.o
/usr/bin/cc   -DCHECK_FUNCTION_EXISTS=pthread_create   -o CMakeFiles/cmTryCompileExec665562738.dir/CheckFunctionExists.c.o   -c /usr/share/cmake-3.2/Modules/CheckFunctionExists.c
Linking C executable cmTryCompileExec665562738
/usr/bin/cmake -E cmake_link_script CMakeFiles/cmTryCompileExec665562738.dir/link.txt --verbose=1
/usr/bin/cc   -DCHECK_FUNCTION_EXISTS=pthread_create    CMakeFiles/cmTryCompileExec665562738.dir/CheckFunctionExists.c.o  -o cmTryCompileExec665562738 -rdynamic -lpthreads 
/usr/bin/ld: cannot find -lpthreads
collect2: error: ld returned 1 exit status
make[1]: *** [cmTryCompileExec665562738] Error 1
make[1]: Leaving directory `/home/deddy/QGCInterface/build/libmavconn/CMakeFiles/CMakeTmp'
make: *** [cmTryCompileExec665562738/fast] Error 2


