Determining if the pthread_create exist failed with the following output:
Change Dir: /home/deddy/QGCInterface/build/uavugv/CMakeFiles/CMakeTmp

Run Build Command:"/usr/bin/make" "cmTryCompileExec863748058/fast"
/usr/bin/make -f CMakeFiles/cmTryCompileExec863748058.dir/build.make CMakeFiles/cmTryCompileExec863748058.dir/build
make[1]: Entering directory `/home/deddy/QGCInterface/build/uavugv/CMakeFiles/CMakeTmp'
/usr/bin/cmake -E cmake_progress_report /home/deddy/QGCInterface/build/uavugv/CMakeFiles/CMakeTmp/CMakeFiles 1
Building C object CMakeFiles/cmTryCompileExec863748058.dir/CheckSymbolExists.c.o
/usr/bin/cc    -o CMakeFiles/cmTryCompileExec863748058.dir/CheckSymbolExists.c.o   -c /home/deddy/QGCInterface/build/uavugv/CMakeFiles/CMakeTmp/CheckSymbolExists.c
Linking C executable cmTryCompileExec863748058
/usr/bin/cmake -E cmake_link_script CMakeFiles/cmTryCompileExec863748058.dir/link.txt --verbose=1
/usr/bin/cc       CMakeFiles/cmTryCompileExec863748058.dir/CheckSymbolExists.c.o  -o cmTryCompileExec863748058 -rdynamic 
CMakeFiles/cmTryCompileExec863748058.dir/CheckSymbolExists.c.o: In function `main':
CheckSymbolExists.c:(.text+0x16): undefined reference to `pthread_create'
collect2: error: ld returned 1 exit status
make[1]: *** [cmTryCompileExec863748058] Error 1
make[1]: Leaving directory `/home/deddy/QGCInterface/build/uavugv/CMakeFiles/CMakeTmp'
make: *** [cmTryCompileExec863748058/fast] Error 2

File /home/deddy/QGCInterface/build/uavugv/CMakeFiles/CMakeTmp/CheckSymbolExists.c:
/* */
#include <pthread.h>

int main(int argc, char** argv)
{
  (void)argv;
#ifndef pthread_create
  return ((int*)(&pthread_create))[argc];
#else
  (void)argc;
  return 0;
#endif
}

Determining if the function pthread_create exists in the pthreads failed with the following output:
Change Dir: /home/deddy/QGCInterface/build/uavugv/CMakeFiles/CMakeTmp

Run Build Command:"/usr/bin/make" "cmTryCompileExec99558867/fast"
/usr/bin/make -f CMakeFiles/cmTryCompileExec99558867.dir/build.make CMakeFiles/cmTryCompileExec99558867.dir/build
make[1]: Entering directory `/home/deddy/QGCInterface/build/uavugv/CMakeFiles/CMakeTmp'
/usr/bin/cmake -E cmake_progress_report /home/deddy/QGCInterface/build/uavugv/CMakeFiles/CMakeTmp/CMakeFiles 1
Building C object CMakeFiles/cmTryCompileExec99558867.dir/CheckFunctionExists.c.o
/usr/bin/cc   -DCHECK_FUNCTION_EXISTS=pthread_create   -o CMakeFiles/cmTryCompileExec99558867.dir/CheckFunctionExists.c.o   -c /usr/share/cmake-3.2/Modules/CheckFunctionExists.c
Linking C executable cmTryCompileExec99558867
/usr/bin/cmake -E cmake_link_script CMakeFiles/cmTryCompileExec99558867.dir/link.txt --verbose=1
/usr/bin/cc   -DCHECK_FUNCTION_EXISTS=pthread_create    CMakeFiles/cmTryCompileExec99558867.dir/CheckFunctionExists.c.o  -o cmTryCompileExec99558867 -rdynamic -lpthreads 
/usr/bin/ld: cannot find -lpthreads
collect2: error: ld returned 1 exit status
make[1]: *** [cmTryCompileExec99558867] Error 1
make[1]: Leaving directory `/home/deddy/QGCInterface/build/uavugv/CMakeFiles/CMakeTmp'
make: *** [cmTryCompileExec99558867/fast] Error 2


