Determining if the pthread_create exist failed with the following output:
Change Dir: /home/deddy/QGCInterface/build/mavros_msgs/CMakeFiles/CMakeTmp

Run Build Command:"/usr/bin/make" "cmTryCompileExec817892743/fast"
/usr/bin/make -f CMakeFiles/cmTryCompileExec817892743.dir/build.make CMakeFiles/cmTryCompileExec817892743.dir/build
make[1]: Entering directory `/home/deddy/QGCInterface/build/mavros_msgs/CMakeFiles/CMakeTmp'
/usr/bin/cmake -E cmake_progress_report /home/deddy/QGCInterface/build/mavros_msgs/CMakeFiles/CMakeTmp/CMakeFiles 1
Building C object CMakeFiles/cmTryCompileExec817892743.dir/CheckSymbolExists.c.o
/usr/bin/cc    -o CMakeFiles/cmTryCompileExec817892743.dir/CheckSymbolExists.c.o   -c /home/deddy/QGCInterface/build/mavros_msgs/CMakeFiles/CMakeTmp/CheckSymbolExists.c
Linking C executable cmTryCompileExec817892743
/usr/bin/cmake -E cmake_link_script CMakeFiles/cmTryCompileExec817892743.dir/link.txt --verbose=1
/usr/bin/cc       CMakeFiles/cmTryCompileExec817892743.dir/CheckSymbolExists.c.o  -o cmTryCompileExec817892743 -rdynamic 
CMakeFiles/cmTryCompileExec817892743.dir/CheckSymbolExists.c.o: In function `main':
CheckSymbolExists.c:(.text+0x16): undefined reference to `pthread_create'
collect2: error: ld returned 1 exit status
make[1]: *** [cmTryCompileExec817892743] Error 1
make[1]: Leaving directory `/home/deddy/QGCInterface/build/mavros_msgs/CMakeFiles/CMakeTmp'
make: *** [cmTryCompileExec817892743/fast] Error 2

File /home/deddy/QGCInterface/build/mavros_msgs/CMakeFiles/CMakeTmp/CheckSymbolExists.c:
/* */
#include <pthread.h>

int main(int argc, char** argv)
{
  (void)argv;
#ifndef pthread_create
  return ((int*)(&pthread_create))[argc];
#else
  (void)argc;
  return 0;
#endif
}

Determining if the function pthread_create exists in the pthreads failed with the following output:
Change Dir: /home/deddy/QGCInterface/build/mavros_msgs/CMakeFiles/CMakeTmp

Run Build Command:"/usr/bin/make" "cmTryCompileExec3938474050/fast"
/usr/bin/make -f CMakeFiles/cmTryCompileExec3938474050.dir/build.make CMakeFiles/cmTryCompileExec3938474050.dir/build
make[1]: Entering directory `/home/deddy/QGCInterface/build/mavros_msgs/CMakeFiles/CMakeTmp'
/usr/bin/cmake -E cmake_progress_report /home/deddy/QGCInterface/build/mavros_msgs/CMakeFiles/CMakeTmp/CMakeFiles 1
Building C object CMakeFiles/cmTryCompileExec3938474050.dir/CheckFunctionExists.c.o
/usr/bin/cc   -DCHECK_FUNCTION_EXISTS=pthread_create   -o CMakeFiles/cmTryCompileExec3938474050.dir/CheckFunctionExists.c.o   -c /usr/share/cmake-3.2/Modules/CheckFunctionExists.c
Linking C executable cmTryCompileExec3938474050
/usr/bin/cmake -E cmake_link_script CMakeFiles/cmTryCompileExec3938474050.dir/link.txt --verbose=1
/usr/bin/cc   -DCHECK_FUNCTION_EXISTS=pthread_create    CMakeFiles/cmTryCompileExec3938474050.dir/CheckFunctionExists.c.o  -o cmTryCompileExec3938474050 -rdynamic -lpthreads 
/usr/bin/ld: cannot find -lpthreads
collect2: error: ld returned 1 exit status
make[1]: *** [cmTryCompileExec3938474050] Error 1
make[1]: Leaving directory `/home/deddy/QGCInterface/build/mavros_msgs/CMakeFiles/CMakeTmp'
make: *** [cmTryCompileExec3938474050/fast] Error 2


