Determining if the pthread_create exist failed with the following output:
Change Dir: /home/deddy/QGCInterface/build/mavros/CMakeFiles/CMakeTmp

Run Build Command:"/usr/bin/make" "cmTryCompileExec1637395432/fast"
/usr/bin/make -f CMakeFiles/cmTryCompileExec1637395432.dir/build.make CMakeFiles/cmTryCompileExec1637395432.dir/build
make[1]: Entering directory `/home/deddy/QGCInterface/build/mavros/CMakeFiles/CMakeTmp'
/usr/bin/cmake -E cmake_progress_report /home/deddy/QGCInterface/build/mavros/CMakeFiles/CMakeTmp/CMakeFiles 1
Building C object CMakeFiles/cmTryCompileExec1637395432.dir/CheckSymbolExists.c.o
/usr/bin/cc    -o CMakeFiles/cmTryCompileExec1637395432.dir/CheckSymbolExists.c.o   -c /home/deddy/QGCInterface/build/mavros/CMakeFiles/CMakeTmp/CheckSymbolExists.c
Linking C executable cmTryCompileExec1637395432
/usr/bin/cmake -E cmake_link_script CMakeFiles/cmTryCompileExec1637395432.dir/link.txt --verbose=1
/usr/bin/cc       CMakeFiles/cmTryCompileExec1637395432.dir/CheckSymbolExists.c.o  -o cmTryCompileExec1637395432 -rdynamic 
CMakeFiles/cmTryCompileExec1637395432.dir/CheckSymbolExists.c.o: In function `main':
CheckSymbolExists.c:(.text+0x16): undefined reference to `pthread_create'
collect2: error: ld returned 1 exit status
make[1]: *** [cmTryCompileExec1637395432] Error 1
make[1]: Leaving directory `/home/deddy/QGCInterface/build/mavros/CMakeFiles/CMakeTmp'
make: *** [cmTryCompileExec1637395432/fast] Error 2

File /home/deddy/QGCInterface/build/mavros/CMakeFiles/CMakeTmp/CheckSymbolExists.c:
/* */
#include <pthread.h>

int main(int argc, char** argv)
{
  (void)argv;
#ifndef pthread_create
  return ((int*)(&pthread_create))[argc];
#else
  (void)argc;
  return 0;
#endif
}

Determining if the function pthread_create exists in the pthreads failed with the following output:
Change Dir: /home/deddy/QGCInterface/build/mavros/CMakeFiles/CMakeTmp

Run Build Command:"/usr/bin/make" "cmTryCompileExec1407403810/fast"
/usr/bin/make -f CMakeFiles/cmTryCompileExec1407403810.dir/build.make CMakeFiles/cmTryCompileExec1407403810.dir/build
make[1]: Entering directory `/home/deddy/QGCInterface/build/mavros/CMakeFiles/CMakeTmp'
/usr/bin/cmake -E cmake_progress_report /home/deddy/QGCInterface/build/mavros/CMakeFiles/CMakeTmp/CMakeFiles 1
Building C object CMakeFiles/cmTryCompileExec1407403810.dir/CheckFunctionExists.c.o
/usr/bin/cc   -DCHECK_FUNCTION_EXISTS=pthread_create   -o CMakeFiles/cmTryCompileExec1407403810.dir/CheckFunctionExists.c.o   -c /usr/share/cmake-3.2/Modules/CheckFunctionExists.c
Linking C executable cmTryCompileExec1407403810
/usr/bin/cmake -E cmake_link_script CMakeFiles/cmTryCompileExec1407403810.dir/link.txt --verbose=1
/usr/bin/cc   -DCHECK_FUNCTION_EXISTS=pthread_create    CMakeFiles/cmTryCompileExec1407403810.dir/CheckFunctionExists.c.o  -o cmTryCompileExec1407403810 -rdynamic -lpthreads 
/usr/bin/ld: cannot find -lpthreads
collect2: error: ld returned 1 exit status
make[1]: *** [cmTryCompileExec1407403810] Error 1
make[1]: Leaving directory `/home/deddy/QGCInterface/build/mavros/CMakeFiles/CMakeTmp'
make: *** [cmTryCompileExec1407403810/fast] Error 2


